TN:
SF:helpers.js
FN:1,mergeList
FN:22,calcTotal
FN:31,calcTax
FNF:3
FNH:3
FNDA:2,mergeList
FNDA:3,calcTotal
FNDA:2,calcTax
DA:1,2
DA:2,2
DA:3,2
DA:4,2
DA:5,2
DA:6,1
DA:7,1
DA:8,1
DA:9,1
DA:10,1
DA:11,2
DA:12,2
DA:13,1
DA:14,1
DA:15,1
DA:16,1
DA:17,1
DA:18,2
DA:19,2
DA:20,2
DA:21,1
DA:22,3
DA:23,3
DA:24,3
DA:25,4
DA:26,4
DA:27,3
DA:28,3
DA:29,3
DA:30,1
DA:31,2
DA:32,2
DA:33,2
DA:34,2
DA:35,1
DA:36,1
LF:36
LH:36
BRDA:1,0,0,2
BRDA:5,1,0,1
BRDA:12,2,0,1
BRDA:22,3,0,3
BRDA:24,4,0,4
BRDA:31,5,0,2
BRF:6
BRH:6
end_of_record
